<?xml version="1.0" encoding="UTF-8"?>
<!-- Generated by org.testng.reporters.JUnitReportReporter -->
<testsuite hostname="DESKTOP-9H74IGJ" failures="0" tests="1" name="scripting.Testcase1" time="19.130" errors="0" timestamp="2022-11-04T15:36:54 PDT" skipped="0">
  <testcase classname="scripting.Testcase1" name="tc1" time="19.130"/>
  <system-out/>
</testsuite> <!-- scripting.Testcase1 -->
