<?xml version="1.0" encoding="UTF-8"?>
<!-- Generated by org.testng.reporters.JUnitReportReporter -->
<testsuite hostname="DESKTOP-9H74IGJ" failures="0" tests="1" name="scripting.TestCase2" time="41.847" errors="0" timestamp="2022-11-04T17:21:04 PDT" skipped="0">
  <testcase classname="scripting.TestCase2" name="tc2" time="41.847"/>
  <system-out/>
</testsuite> <!-- scripting.TestCase2 -->
