<?xml version="1.0" encoding="UTF-8"?>
<!-- Generated by org.testng.reporters.JUnitReportReporter -->
<testsuite hostname="DESKTOP-9H74IGJ" failures="0" tests="1" name="scripting.TestCases4" time="21.429" errors="0" timestamp="2022-11-05T22:20:27 PDT" skipped="0">
  <testcase classname="scripting.TestCases4" name="tc4" time="21.429"/>
  <system-out/>
</testsuite> <!-- scripting.TestCases4 -->
