<?xml version="1.0" encoding="UTF-8"?>
<!-- Generated by org.testng.reporters.JUnitReportReporter -->
<testsuite hostname="DESKTOP-9H74IGJ" failures="0" tests="1" name="scripting.TestCase3" time="36.504" errors="0" timestamp="2022-11-04T12:34:14 PDT" skipped="0">
  <testcase classname="scripting.TestCase3" name="tc3" time="36.504"/>
  <system-out/>
</testsuite> <!-- scripting.TestCase3 -->
